<?xml version="1.0" encoding="UTF-8"?>
<testsuite xmlns:xsi="http://www.w3.org/2001/XMLSchema-instance" xsi:noNamespaceSchemaLocation="https://maven.apache.org/surefire/maven-surefire-plugin/xsd/surefire-test-report.xsd" name="com.ema.ScoringTest" time="0.009" tests="2" errors="0" skipped="0" failures="0">
  <properties>
[...]
</properties>
  <testcase name="com.ema.ScoringTest.testPrintPerfectGame" classname="com.ema.ScoringTest" time="0.005"/>
  <testcase name="com.ema.ScoringTest.testPrintAllFoulGame" classname="com.ema.ScoringTest" time="0.002"/>
</testsuite>